  World.cpp
d:\repositorio\sfml-exercises\exercise 03\sfml\world.cpp(10): warning C4244: 'argument': conversion from 'const int' to 'float', possible loss of data
d:\repositorio\sfml-exercises\exercise 03\sfml\world.cpp(15): warning C4244: 'argument': conversion from 'const int' to 'float', possible loss of data
d:\repositorio\sfml-exercises\exercise 03\sfml\world.cpp(21): warning C4244: 'initializing': conversion from 'double' to 'float', possible loss of data
d:\repositorio\sfml-exercises\exercise 03\sfml\world.cpp(26): warning C4244: 'argument': conversion from 'const int' to 'float', possible loss of data
d:\repositorio\sfml-exercises\exercise 03\sfml\world.cpp(32): warning C4244: 'argument': conversion from 'const int' to 'float', possible loss of data
d:\repositorio\sfml-exercises\exercise 03\sfml\world.cpp(39): warning C4244: 'argument': conversion from 'const int' to 'float', possible loss of data
d:\repositorio\sfml-exercises\exercise 03\sfml\world.cpp(44): warning C4244: 'argument': conversion from 'const int' to 'float', possible loss of data
d:\repositorio\sfml-exercises\exercise 03\sfml\world.cpp(45): warning C4244: 'argument': conversion from 'const int' to 'float', possible loss of data
  Tile.cpp
d:\repositorio\sfml-exercises\exercise 03\sfml\tile.cpp(22): warning C4244: 'argument': conversion from 'int' to 'float', possible loss of data
d:\repositorio\sfml-exercises\exercise 03\sfml\tile.cpp(23): warning C4244: 'argument': conversion from 'int' to 'float', possible loss of data
d:\repositorio\sfml-exercises\exercise 03\sfml\tile.cpp(24): warning C4244: 'argument': conversion from 'int' to 'float', possible loss of data
d:\repositorio\sfml-exercises\exercise 03\sfml\tile.cpp(27): warning C4244: 'argument': conversion from 'int' to 'float', possible loss of data
d:\repositorio\sfml-exercises\exercise 03\sfml\tile.cpp(28): warning C4244: 'argument': conversion from 'int' to 'float', possible loss of data
d:\repositorio\sfml-exercises\exercise 03\sfml\tile.cpp(29): warning C4244: 'argument': conversion from 'int' to 'float', possible loss of data
d:\repositorio\sfml-exercises\exercise 03\sfml\tile.cpp(53): warning C4244: 'argument': conversion from 'unsigned int' to 'float', possible loss of data
d:\repositorio\sfml-exercises\exercise 03\sfml\tile.cpp(54): warning C4244: 'argument': conversion from 'unsigned int' to 'float', possible loss of data
d:\repositorio\sfml-exercises\exercise 03\sfml\tile.cpp(55): warning C4244: 'argument': conversion from 'unsigned int' to 'float', possible loss of data
d:\repositorio\sfml-exercises\exercise 03\sfml\tile.cpp(56): warning C4244: 'argument': conversion from 'unsigned int' to 'float', possible loss of data
d:\repositorio\sfml-exercises\exercise 03\sfml\tile.cpp(58): warning C4244: 'argument': conversion from 'unsigned int' to 'float', possible loss of data
d:\repositorio\sfml-exercises\exercise 03\sfml\tile.cpp(59): warning C4244: 'argument': conversion from 'unsigned int' to 'float', possible loss of data
d:\repositorio\sfml-exercises\exercise 03\sfml\tile.cpp(60): warning C4244: 'argument': conversion from 'unsigned int' to 'float', possible loss of data
d:\repositorio\sfml-exercises\exercise 03\sfml\tile.cpp(61): warning C4244: 'argument': conversion from 'unsigned int' to 'float', possible loss of data
  SFML.cpp
  Game.cpp
  Generating Code...
  SFML.vcxproj -> D:\Repositorio\SFML-EXERCISES\exercise 03\Debug\SFML.exe
  SFML.vcxproj -> D:\Repositorio\SFML-EXERCISES\exercise 03\Debug\SFML.pdb (Full PDB)
