  World.cpp
d:\repository\sfml-exercises\sfml demos\exercise 04\sfml\world.cpp(10): warning C4244: 'argument': conversion from 'const int' to 'float', possible loss of data
d:\repository\sfml-exercises\sfml demos\exercise 04\sfml\world.cpp(15): warning C4244: 'argument': conversion from 'const int' to 'float', possible loss of data
d:\repository\sfml-exercises\sfml demos\exercise 04\sfml\world.cpp(21): warning C4244: 'initializing': conversion from 'double' to 'float', possible loss of data
d:\repository\sfml-exercises\sfml demos\exercise 04\sfml\world.cpp(26): warning C4244: 'argument': conversion from 'const int' to 'float', possible loss of data
d:\repository\sfml-exercises\sfml demos\exercise 04\sfml\world.cpp(32): warning C4244: 'argument': conversion from 'const int' to 'float', possible loss of data
d:\repository\sfml-exercises\sfml demos\exercise 04\sfml\world.cpp(39): warning C4244: 'argument': conversion from 'const int' to 'float', possible loss of data
d:\repository\sfml-exercises\sfml demos\exercise 04\sfml\world.cpp(44): warning C4244: 'argument': conversion from 'const int' to 'float', possible loss of data
d:\repository\sfml-exercises\sfml demos\exercise 04\sfml\world.cpp(45): warning C4244: 'argument': conversion from 'const int' to 'float', possible loss of data
  UIButton.cpp
d:\repository\sfml-exercises\sfml demos\exercise 04\sfml\uibutton.cpp(20): warning C4101: 'e': unreferenced local variable
d:\repository\sfml-exercises\sfml demos\exercise 04\sfml\uibutton.cpp(32): warning C4244: 'initializing': conversion from 'float' to 'int', possible loss of data
d:\repository\sfml-exercises\sfml demos\exercise 04\sfml\uibutton.cpp(33): warning C4244: 'initializing': conversion from 'float' to 'int', possible loss of data
  Tile.cpp
d:\repository\sfml-exercises\sfml demos\exercise 04\sfml\tile.cpp(22): warning C4244: 'argument': conversion from 'int' to 'float', possible loss of data
d:\repository\sfml-exercises\sfml demos\exercise 04\sfml\tile.cpp(23): warning C4244: 'argument': conversion from 'int' to 'float', possible loss of data
d:\repository\sfml-exercises\sfml demos\exercise 04\sfml\tile.cpp(24): warning C4244: 'argument': conversion from 'int' to 'float', possible loss of data
d:\repository\sfml-exercises\sfml demos\exercise 04\sfml\tile.cpp(27): warning C4244: 'argument': conversion from 'int' to 'float', possible loss of data
d:\repository\sfml-exercises\sfml demos\exercise 04\sfml\tile.cpp(28): warning C4244: 'argument': conversion from 'int' to 'float', possible loss of data
d:\repository\sfml-exercises\sfml demos\exercise 04\sfml\tile.cpp(29): warning C4244: 'argument': conversion from 'int' to 'float', possible loss of data
d:\repository\sfml-exercises\sfml demos\exercise 04\sfml\tile.cpp(53): warning C4244: 'argument': conversion from 'unsigned int' to 'float', possible loss of data
d:\repository\sfml-exercises\sfml demos\exercise 04\sfml\tile.cpp(54): warning C4244: 'argument': conversion from 'unsigned int' to 'float', possible loss of data
d:\repository\sfml-exercises\sfml demos\exercise 04\sfml\tile.cpp(55): warning C4244: 'argument': conversion from 'unsigned int' to 'float', possible loss of data
d:\repository\sfml-exercises\sfml demos\exercise 04\sfml\tile.cpp(56): warning C4244: 'argument': conversion from 'unsigned int' to 'float', possible loss of data
d:\repository\sfml-exercises\sfml demos\exercise 04\sfml\tile.cpp(58): warning C4244: 'argument': conversion from 'unsigned int' to 'float', possible loss of data
d:\repository\sfml-exercises\sfml demos\exercise 04\sfml\tile.cpp(59): warning C4244: 'argument': conversion from 'unsigned int' to 'float', possible loss of data
d:\repository\sfml-exercises\sfml demos\exercise 04\sfml\tile.cpp(60): warning C4244: 'argument': conversion from 'unsigned int' to 'float', possible loss of data
d:\repository\sfml-exercises\sfml demos\exercise 04\sfml\tile.cpp(61): warning C4244: 'argument': conversion from 'unsigned int' to 'float', possible loss of data
  SFML.cpp
  Gamepad.cpp
  Game.cpp
d:\repository\sfml-exercises\sfml demos\exercise 04\sfml\game.cpp(52): warning C4244: 'argument': conversion from 'int' to 'float', possible loss of data
  Action.cpp
  Generating Code...
d:\repository\sfml-exercises\sfml demos\exercise 04\sfml\gamepad.cpp(44): warning C4715: 'Gamepad::getButtonPressed': not all control paths return a value
  SFML.vcxproj -> D:\Repository\SFML-EXERCISES\sfml demos\exercise 04\Debug\SFML.exe
  SFML.vcxproj -> D:\Repository\SFML-EXERCISES\sfml demos\exercise 04\Debug\SFML.pdb (Full PDB)
