d:\repositorio\sfml-exercises\sfml demos\framework\sfml\debug\vc140.pdb
d:\repositorio\sfml-exercises\sfml demos\framework\sfml\debug\vc140.idb
d:\repositorio\sfml-exercises\sfml demos\framework\sfml\debug\game.obj
d:\repositorio\sfml-exercises\sfml demos\framework\sfml\debug\gameentity.obj
d:\repositorio\sfml-exercises\sfml demos\framework\sfml\debug\gamepad.obj
d:\repositorio\sfml-exercises\sfml demos\framework\sfml\debug\player.obj
d:\repositorio\sfml-exercises\sfml demos\framework\sfml\debug\sfml.obj
d:\repositorio\sfml-exercises\sfml demos\framework\debug\sfml.ilk
d:\repositorio\sfml-exercises\sfml demos\framework\debug\sfml.exe
d:\repositorio\sfml-exercises\sfml demos\framework\debug\sfml.pdb
d:\repositorio\sfml-exercises\sfml demos\framework\sfml\debug\sfml.res
d:\repositorio\sfml-exercises\sfml demos\framework\sfml\debug\sfml.tlog\cl.command.1.tlog
d:\repositorio\sfml-exercises\sfml demos\framework\sfml\debug\sfml.tlog\cl.read.1.tlog
d:\repositorio\sfml-exercises\sfml demos\framework\sfml\debug\sfml.tlog\cl.write.1.tlog
d:\repositorio\sfml-exercises\sfml demos\framework\sfml\debug\sfml.tlog\link.command.1.tlog
d:\repositorio\sfml-exercises\sfml demos\framework\sfml\debug\sfml.tlog\link.read.1.tlog
d:\repositorio\sfml-exercises\sfml demos\framework\sfml\debug\sfml.tlog\link.write.1.tlog
d:\repositorio\sfml-exercises\sfml demos\framework\sfml\debug\sfml.tlog\rc.command.1.tlog
d:\repositorio\sfml-exercises\sfml demos\framework\sfml\debug\sfml.tlog\rc.read.1.tlog
d:\repositorio\sfml-exercises\sfml demos\framework\sfml\debug\sfml.tlog\rc.write.1.tlog
